<?xml version="1.0" encoding="UTF-8"?>
<!-- Generated by org.testng.reporters.JUnitXMLReporter -->
<testsuite hostname="Radha-PC" failures="0" tests="2" name="Default test" time="17.273" errors="0" timestamp="25 Mar 2020 06:50:00 GMT">
  <testcase classname="in.amazon.qa.tests.LoginPageTest" name="verifyLoginPageTitleTest" time="0.045"/>
  <testcase classname="in.amazon.qa.tests.LoginPageTest" name="clickOnLoginPageTest" time="2.241">
    <skipped/>
  </testcase> <!-- clickOnLoginPageTest -->
</testsuite> <!-- Default test -->
