<?xml version="1.0" encoding="UTF-8"?>
<testng-results total="3" passed="0" failed="0" skipped="3">
  <reporter-output>
  </reporter-output>
  <suite started-at="2020-03-24T11:26:48Z" name="Default suite" finished-at="2020-03-24T11:28:22Z" duration-ms="94130">
    <groups>
    </groups>
    <test started-at="2020-03-24T11:26:48Z" name="Default test" finished-at="2020-03-24T11:28:22Z" duration-ms="94130">
      <class name="in.amazon.qa.tests.OrderReviewTest">
        <test-method is-config="true" signature="setup()[pri:0, instance:in.amazon.qa.tests.OrderReviewTest@75f9eccc]" started-at="2020-03-24T16:56:48Z" name="setup" finished-at="2020-03-24T16:56:48Z" duration-ms="0" status="FAIL">
          <exception class="org.openqa.selenium.NoSuchElementException">
            <message>
              <![CDATA[Cannot locate an element using xpath=//*[@class="a-size-medium a-color-base a-text-normal" and text()="Redmi Note 8 (Neptune Blue, 4GB RAM, 64GB Storage)"]
For documentation on this error, please visit: https://www.seleniumhq.org/exceptions/no_such_element.html
Build info: version: '3.141.59', revision: 'e82be7d358', time: '2018-11-14T08:17:03'
System info: host: 'RADHA-PC', ip: '192.168.0.105', os.name: 'Windows 7', os.arch: 'amd64', os.version: '6.1', java.version: '12.0.1'
Driver info: driver.version: RemoteWebDriver]]>
            </message>
            <full-stacktrace>
              <![CDATA[org.openqa.selenium.NoSuchElementException: Cannot locate an element using xpath=//*[@class="a-size-medium a-color-base a-text-normal" and text()="Redmi Note 8 (Neptune Blue, 4GB RAM, 64GB Storage)"]
For documentation on this error, please visit: https://www.seleniumhq.org/exceptions/no_such_element.html
Build info: version: '3.141.59', revision: 'e82be7d358', time: '2018-11-14T08:17:03'
System info: host: 'RADHA-PC', ip: '192.168.0.105', os.name: 'Windows 7', os.arch: 'amd64', os.version: '6.1', java.version: '12.0.1'
Driver info: driver.version: RemoteWebDriver
	at org.openqa.selenium.remote.RemoteWebDriver.findElement(RemoteWebDriver.java:327)
	at org.openqa.selenium.remote.RemoteWebDriver.findElementByXPath(RemoteWebDriver.java:428)
	at org.openqa.selenium.By$ByXPath.findElement(By.java:353)
	at org.openqa.selenium.remote.RemoteWebDriver.findElement(RemoteWebDriver.java:315)
	at org.openqa.selenium.support.pagefactory.DefaultElementLocator.findElement(DefaultElementLocator.java:69)
	at org.openqa.selenium.support.pagefactory.internal.LocatingElementHandler.invoke(LocatingElementHandler.java:38)
	at com.sun.proxy.$Proxy12.click(Unknown Source)
	at in.amazon.qa.pages.MobileListPage.clickOnMobilePhone(MobileListPage.java:28)
	at in.amazon.qa.tests.OrderReviewTest.setup(OrderReviewTest.java:45)
	at java.base/jdk.internal.reflect.NativeMethodAccessorImpl.invoke0(Native Method)
	at java.base/jdk.internal.reflect.NativeMethodAccessorImpl.invoke(NativeMethodAccessorImpl.java:62)
	at java.base/jdk.internal.reflect.DelegatingMethodAccessorImpl.invoke(DelegatingMethodAccessorImpl.java:43)
	at java.base/java.lang.reflect.Method.invoke(Method.java:567)
	at org.testng.internal.MethodInvocationHelper.invokeMethod(MethodInvocationHelper.java:80)
	at org.testng.internal.Invoker.invokeConfigurationMethod(Invoker.java:564)
	at org.testng.internal.Invoker.invokeConfigurations(Invoker.java:213)
	at org.testng.internal.Invoker.invokeConfigurations(Invoker.java:138)
	at org.testng.TestRunner.beforeRun(TestRunner.java:641)
	at org.testng.TestRunner.run(TestRunner.java:609)
	at org.testng.SuiteRunner.runTest(SuiteRunner.java:334)
	at org.testng.SuiteRunner.runSequentially(SuiteRunner.java:329)
	at org.testng.SuiteRunner.privateRun(SuiteRunner.java:291)
	at org.testng.SuiteRunner.run(SuiteRunner.java:240)
	at org.testng.SuiteRunnerWorker.runSuite(SuiteRunnerWorker.java:52)
	at org.testng.SuiteRunnerWorker.run(SuiteRunnerWorker.java:86)
	at org.testng.TestNG.runSuitesSequentially(TestNG.java:1198)
	at org.testng.TestNG.runSuitesLocally(TestNG.java:1123)
	at org.testng.TestNG.run(TestNG.java:1031)
	at org.testng.remote.AbstractRemoteTestNG.run(AbstractRemoteTestNG.java:115)
	at org.testng.remote.RemoteTestNG.initAndRun(RemoteTestNG.java:251)
	at org.testng.remote.RemoteTestNG.main(RemoteTestNG.java:77)
]]>
            </full-stacktrace>
          </exception> <!-- org.openqa.selenium.NoSuchElementException -->
          <reporter-output>
          </reporter-output>
        </test-method> <!-- setup -->
        <test-method signature="verifyHeaderTest()[pri:0, instance:in.amazon.qa.tests.OrderReviewTest@75f9eccc]" started-at="2020-03-24T16:58:22Z" name="verifyHeaderTest" finished-at="2020-03-24T16:58:22Z" duration-ms="5" status="SKIP">
          <reporter-output>
          </reporter-output>
        </test-method> <!-- verifyHeaderTest -->
        <test-method signature="verifyBillingHeaderTest()[pri:0, instance:in.amazon.qa.tests.OrderReviewTest@75f9eccc]" started-at="2020-03-24T16:58:22Z" name="verifyBillingHeaderTest" finished-at="2020-03-24T16:58:22Z" duration-ms="4" status="SKIP">
          <reporter-output>
          </reporter-output>
        </test-method> <!-- verifyBillingHeaderTest -->
        <test-method signature="fillAddressTest()[pri:0, instance:in.amazon.qa.tests.OrderReviewTest@75f9eccc]" started-at="2020-03-24T16:58:22Z" name="fillAddressTest" finished-at="2020-03-24T16:58:22Z" duration-ms="4" status="SKIP">
          <reporter-output>
          </reporter-output>
        </test-method> <!-- fillAddressTest -->
        <test-method is-config="true" signature="tearDown()[pri:0, instance:in.amazon.qa.tests.OrderReviewTest@75f9eccc]" started-at="2020-03-24T16:58:22Z" name="tearDown" finished-at="2020-03-24T16:58:22Z" duration-ms="0" status="SKIP">
          <reporter-output>
          </reporter-output>
        </test-method> <!-- tearDown -->
      </class> <!-- in.amazon.qa.tests.OrderReviewTest -->
    </test> <!-- Default test -->
  </suite> <!-- Default suite -->
</testng-results>
